This is pdfTeX, Version 3.141592653-2.6-1.40.24 (MiKTeX 22.10) (preloaded format=pdflatex 2023.1.5)  5 JAN 2023 12:42
entering extended mode
 restricted \write18 enabled.
 %&-line parsing enabled.
**./Tables.tex
(Tables.tex
LaTeX2e <2022-06-01> patch level 5
L3 programming layer <2022-09-28>
(C:\Users\Krystian\AppData\Local\Programs\MiKTeX\tex/latex/base\article.cls
Document Class: article 2021/10/04 v1.4n Standard LaTeX document class
(C:\Users\Krystian\AppData\Local\Programs\MiKTeX\tex/latex/base\size12.clo
File: size12.clo 2021/10/04 v1.4n Standard LaTeX file (size option)
)
\c@part=\count185
\c@section=\count186
\c@subsection=\count187
\c@subsubsection=\count188
\c@paragraph=\count189
\c@subparagraph=\count190
\c@figure=\count191
\c@table=\count192
\abovecaptionskip=\skip47
\belowcaptionskip=\skip48
\bibindent=\dimen138
)
(C:\Users\Krystian\AppData\Local\Programs\MiKTeX\tex/latex/tools\array.sty
Package: array 2022/03/10 v2.5f Tabular extension package (FMi)
\col@sep=\dimen139
\ar@mcellbox=\box51
\extrarowheight=\dimen140
\NC@list=\toks16
\extratabsurround=\skip49
\backup@length=\skip50
\ar@cellbox=\box52
)
(C:\Users\Krystian\AppData\Local\Programs\MiKTeX\tex/latex/tools\tabularx.sty
Package: tabularx 2020/01/15 v2.11c `tabularx' package (DPC)
\TX@col@width=\dimen141
\TX@old@table=\dimen142
\TX@old@col=\dimen143
\TX@target=\dimen144
\TX@delta=\dimen145
\TX@cols=\count193
\TX@ftn=\toks17
)
(C:\Users\Krystian\AppData\Local\Programs\MiKTeX\tex/latex/multirow\multirow.st
y
Package: multirow 2021/03/15 v2.8 Span multiple rows of a table
\multirow@colwidth=\skip51
\multirow@cntb=\count194
\multirow@dima=\skip52
\bigstrutjot=\dimen146
)
(C:\Users\Krystian\AppData\Local\Programs\MiKTeX\tex/latex/tools\longtable.sty
Package: longtable 2021-09-01 v4.17 Multi-page Table package (DPC)
\LTleft=\skip53
\LTright=\skip54
\LTpre=\skip55
\LTpost=\skip56
\LTchunksize=\count195
\LTcapwidth=\dimen147
\LT@head=\box53
\LT@firsthead=\box54
\LT@foot=\box55
\LT@lastfoot=\box56
\LT@gbox=\box57
\LT@cols=\count196
\LT@rows=\count197
\c@LT@tables=\count198
\c@LT@chunks=\count199
\LT@p@ftn=\toks18
)
(C:\Users\Krystian\AppData\Local\Programs\MiKTeX\tex/latex/l3backend\l3backend-
pdftex.def
File: l3backend-pdftex.def 2022-09-28 L3 backend support: PDF output (pdfTeX)
\l__color_backend_stack_int=\count266
\l__pdf_internal_box=\box58
) (Tables.aux)
\openout1 = `Tables.aux'.

LaTeX Font Info:    Checking defaults for OML/cmm/m/it on input line 11.
LaTeX Font Info:    ... okay on input line 11.
LaTeX Font Info:    Checking defaults for OMS/cmsy/m/n on input line 11.
LaTeX Font Info:    ... okay on input line 11.
LaTeX Font Info:    Checking defaults for OT1/cmr/m/n on input line 11.
LaTeX Font Info:    ... okay on input line 11.
LaTeX Font Info:    Checking defaults for T1/cmr/m/n on input line 11.
LaTeX Font Info:    ... okay on input line 11.
LaTeX Font Info:    Checking defaults for TS1/cmr/m/n on input line 11.
LaTeX Font Info:    ... okay on input line 11.
LaTeX Font Info:    Checking defaults for OMX/cmex/m/n on input line 11.
LaTeX Font Info:    ... okay on input line 11.
LaTeX Font Info:    Checking defaults for U/cmr/m/n on input line 11.
LaTeX Font Info:    ... okay on input line 11.
LaTeX Font Info:    External font `cmex10' loaded for size
(Font)              <12> on input line 13.
LaTeX Font Info:    External font `cmex10' loaded for size
(Font)              <8> on input line 13.
LaTeX Font Info:    External font `cmex10' loaded for size
(Font)              <6> on input line 13.
 [1

{C:/Users/Krystian/AppData/Local/MiKTeX/fonts/map/pdftex/pdftex.map}] [2

]
Underfull \hbox (badness 10000) in paragraph at lines 41--41
[]|\OT1/cmr/m/n/12 cell1
 []


Underfull \hbox (badness 10000) in paragraph at lines 41--41
\OT1/cmr/m/n/12 dummy
 []


Underfull \hbox (badness 10000) in paragraph at lines 41--41
\OT1/cmr/m/n/12 text
 []


Underfull \hbox (badness 10000) in paragraph at lines 41--41
\OT1/cmr/m/n/12 dummy
 []


Underfull \hbox (badness 10000) in paragraph at lines 41--41
\OT1/cmr/m/n/12 text
 []


Underfull \hbox (badness 10000) in paragraph at lines 41--41
\OT1/cmr/m/n/12 dummy
 []


Underfull \hbox (badness 10000) in paragraph at lines 43--43
[]|\OT1/cmr/m/n/12 cell1
 []


Underfull \hbox (badness 10000) in paragraph at lines 43--43
\OT1/cmr/m/n/12 dummy
 []


Underfull \hbox (badness 10000) in paragraph at lines 43--43
\OT1/cmr/m/n/12 text
 []


Underfull \hbox (badness 10000) in paragraph at lines 43--43
\OT1/cmr/m/n/12 dummy
 []


Underfull \hbox (badness 10000) in paragraph at lines 43--43
\OT1/cmr/m/n/12 text
 []


Underfull \hbox (badness 10000) in paragraph at lines 43--43
\OT1/cmr/m/n/12 dummy
 []

[3

] [4

]
Underfull \hbox (badness 10000) in paragraph at lines 68--68
[]|\OT1/cmr/m/n/12 Country Name
 []


Underfull \hbox (badness 1655) in paragraph at lines 68--68
[]|\OT1/cmr/m/n/12 ISO AL-PHA 2
 []


Underfull \hbox (badness 1655) in paragraph at lines 68--68
[]|\OT1/cmr/m/n/12 ISO AL-PHA 3
 []


Underfull \hbox (badness 10000) in paragraph at lines 68--69
[]|\OT1/cmr/m/n/12 ISO nu-meric
 []


Underfull \hbox (badness 10000) in paragraph at lines 74--74
[]|\OT1/cmr/m/n/12 American
 []


Overfull \hbox (3.83301pt too wide) in paragraph at lines 64--79
 [][] 
 []

[5

] [6

] [7

] [8

] (Tables.aux) ) 
Here is how much of TeX's memory you used:
 759 strings out of 475385
 13792 string characters out of 2775492
 359870 words of memory out of 3000000
 22199 multiletter control sequences out of 15000+600000
 472164 words of font info for 38 fonts, out of 8000000 for 9000
 1141 hyphenation exceptions out of 8191
 33i,10n,38p,158b,396s stack positions out of 10000i,1000n,20000p,200000b,80000s
<C:/Users/Krystian/AppData/Local/Programs/MiKTeX/fonts/type1/pu
blic/amsfonts/cm/cmr12.pfb><C:/Users/Krystian/AppData/Local/Programs/MiKTeX/fon
ts/type1/public/amsfonts/cm/cmtt12.pfb>
Output written on Tables.pdf (8 pages, 30937 bytes).
PDF statistics:
 39 PDF objects out of 1000 (max. 8388607)
 0 named destinations out of 1000 (max. 500000)
 1 words of extra memory for PDF output out of 10000 (max. 10000000)

